#
# A fatal error has been detected by the Java Runtime Environment:
#
#  SIGSEGV (0xb) at pc=0x0000000000000000, pid=9694, tid=56595
#
# JRE version: Java(TM) SE Runtime Environment (8.0_20-b26) (build 1.8.0_20-b26)
# Java VM: Java HotSpot(TM) 64-Bit Server VM (25.20-b23 mixed mode bsd-amd64 compressed oops)
# Problematic frame:
# C  0x0000000000000000
#
# Failed to write core dump. Core dumps have been disabled. To enable core dumping, try "ulimit -c unlimited" before starting Java again
#
# If you would like to submit a bug report, please visit:
#   http://bugreport.sun.com/bugreport/crash.jsp
#

---------------  T H R E A D  ---------------

Current thread (0x00007fb85bad4800):  JavaThread "AWT-EventQueue-0" [_thread_in_Java, id=56595, stack(0x000000012ed98000,0x000000012ee98000)]

siginfo: si_signo: 11 (SIGSEGV), si_code: 1 (SEGV_MAPERR), si_addr: 0x0000000000000000

Registers:
RAX=0x000000010b722710, RBX=0x0000000124c874d0, RCX=0x0000000124d20670, RDX=0x000000010b722710
RSP=0x000000012ee94278, RBP=0x000000012ee942f0, RSI=0x000000012ee94258, RDI=0x00000007c000b5f0
R8 =0x000000076c465750, R9 =0x0000000000000006, R10=0x000000010b09d3f0, R11=0x000000076c465740
R12=0x0000000000000000, R13=0x000000012ee94278, R14=0x000000012ee94338, R15=0x00007fb85bad4800
RIP=0x0000000000000000, EFLAGS=0x0000000000010202, ERR=0x0000000000000014
  TRAPNO=0x000000000000000e

Top of Stack: (sp=0x000000012ee94278)
0x000000012ee94278:   000000010b722710 00000006c0083f00
0x000000012ee94288:   000000076c4655a8 00000006c005f500
0x000000012ee94298:   00000006c0083ff0 00000006c027c938
0x000000012ee942a8:   000000076c465658 000000012ee942b0
0x000000012ee942b8:   0000000124d205f4 000000012ee94338
0x000000012ee942c8:   0000000124d20670 0000000000000000
0x000000012ee942d8:   0000000124d20600 000000012ee94278
0x000000012ee942e8:   000000012ee94308 000000012ee94380
0x000000012ee942f8:   000000010b722710 00000006c00a6f88
0x000000012ee94308:   00000006c0083f00 000000076c4655a8
0x000000012ee94318:   00000006c005f500 00000006c0083ff0
0x000000012ee94328:   00000006c027c938 000000076c465658
0x000000012ee94338:   00000006c00852a0 000000012ee94340
0x000000012ee94348:   0000000124d591a3 000000012ee94398
0x000000012ee94358:   0000000124d59220 0000000000000000
0x000000012ee94368:   0000000124d591b0 000000012ee94308
0x000000012ee94378:   000000012ee94388 000000012ee943e0
0x000000012ee94388:   000000010b722710 000000076c465740
0x000000012ee94398:   00000006c00852a0 000000012ee943a0
0x000000012ee943a8:   0000000124d1fdeb 000000012ee94408
0x000000012ee943b8:   0000000124d1fe68 00000001250479c8
0x000000012ee943c8:   0000000124d1fdf8 000000012ee94388
0x000000012ee943d8:   000000012ee943f8 000000012ee94450
0x000000012ee943e8:   000000010b722710 00000006c0089188
0x000000012ee943f8:   000000076c465740 00000006c00852a0
0x000000012ee94408:   00000006c0089168 000000012ee94410
0x000000012ee94418:   000000013db01006 000000012ee94468
0x000000012ee94428:   000000013db04d38 0000000000000000
0x000000012ee94438:   000000013db01020 000000012ee943f8
0x000000012ee94448:   000000012ee94460 000000012ee944b0
0x000000012ee94458:   000000010b722710 000000076c465740
0x000000012ee94468:   00000006c00a6f70 000000012ee94470 

Instructions: (pc=0x0000000000000000)
0xffffffffffffffe0:   

Register to memory mapping:

RAX=0x000000010b722710 is at code_begin+1456 in an Interpreter codelet
invoke return entry points  [0x000000010b722160, 0x000000010b722a60]  2304 bytes
RBX=0x0000000124c874d0 is pointing into metadata
RCX=0x0000000124d20670 is pointing into metadata
RDX=0x000000010b722710 is at code_begin+1456 in an Interpreter codelet
invoke return entry points  [0x000000010b722160, 0x000000010b722a60]  2304 bytes
RSP=0x000000012ee94278 is pointing into the stack for thread: 0x00007fb85bad4800
RBP=0x000000012ee942f0 is pointing into the stack for thread: 0x00007fb85bad4800
RSI=0x000000012ee94258 is pointing into the stack for thread: 0x00007fb85bad4800
RDI=0x00000007c000b5f0 is pointing into metadata
R8 =0x000000076c465750 is an unknown value
R9 =0x0000000000000006 is an unknown value
R10=0x000000010b09d3f0: _ZN19TemplateInterpreter20_invoke_return_entryE+0 in /Library/Java/JavaVirtualMachines/jdk1.8.0_20.jdk/Contents/Home/jre/lib/server/libjvm.dylib at 0x000000010a800000
R11=0x000000076c465740 is an oop
[Ljava.lang.Object; 
 - klass: 'java/lang/Object'[]
 - length: 6
R12=0x0000000000000000 is an unknown value
R13=0x000000012ee94278 is pointing into the stack for thread: 0x00007fb85bad4800
R14=0x000000012ee94338 is pointing into the stack for thread: 0x00007fb85bad4800
R15=0x00007fb85bad4800 is a thread


Stack: [0x000000012ed98000,0x000000012ee98000],  sp=0x000000012ee94278,  free space=1008k

---------------  P R O C E S S  ---------------

Java Threads: ( => current thread )
  0x00007fb85c018800 JavaThread "*** Profiler Agent Special Execution Thread 3" daemon [_thread_blocked, id=15623, stack(0x000000013df6d000,0x000000013e06d000)]
  0x00007fb85d808800 JavaThread "process reaper" daemon [_thread_blocked, id=40463, stack(0x000000012b5e3000,0x000000012b60b000)]
  0x00007fb85d054000 JavaThread "*** Profiler Agent Special Execution Thread 6" daemon [_thread_blocked, id=40711, stack(0x000000013c367000,0x000000013c467000)]
  0x00007fb861807800 JavaThread "*** JFluid Monitor thread ***" daemon [_thread_blocked, id=39687, stack(0x000000013c264000,0x000000013c364000)]
  0x00007fb862018000 JavaThread "*** Profiler Agent Communication Thread" daemon [_thread_in_native, id=39183, stack(0x000000013c161000,0x000000013c261000)]
  0x00007fb85bc82800 JavaThread "RMI TCP Connection(2)-172.23.200.89" daemon [_thread_in_native, id=67331, stack(0x000000013bf5b000,0x000000013c05b000)]
  0x00007fb85a1fa000 JavaThread "JMX server connection timeout 21" daemon [_thread_blocked, id=66819, stack(0x000000013be58000,0x000000013bf58000)]
  0x00007fb85bff7800 JavaThread "RMI Scheduler(0)" daemon [_thread_blocked, id=66307, stack(0x000000013bd55000,0x000000013be55000)]
  0x00007fb85a4c6000 JavaThread "RMI TCP Connection(1)-172.23.200.89" daemon [_thread_in_native, id=65795, stack(0x000000013bc52000,0x000000013bd52000)]
  0x00007fb85a9a6800 JavaThread "RMI TCP Accept-0" daemon [_thread_in_native, id=65543, stack(0x000000013bb4f000,0x000000013bc4f000)]
  0x00007fb85bb80000 JavaThread "Attach Listener" daemon [_thread_blocked, id=64003, stack(0x0000000133d96000,0x0000000133e96000)]
  0x00007fb859975000 JavaThread "TimerQueue" daemon [_thread_in_Java, id=57351, stack(0x000000012ee9b000,0x000000012ef9b000)]
=>0x00007fb85bad4800 JavaThread "AWT-EventQueue-0" [_thread_in_Java, id=56595, stack(0x000000012ed98000,0x000000012ee98000)]
  0x00007fb85baa8800 JavaThread "Java2D Disposer" daemon [_thread_blocked, id=53511, stack(0x000000012e60b000,0x000000012e70b000)]
  0x00007fb85a855800 JavaThread "Java2D Queue Flusher" daemon [_thread_blocked, id=46619, stack(0x000000012d86e000,0x000000012d96e000)]
  0x00007fb85a072800 JavaThread "AWT-Shutdown" [_thread_blocked, id=31495, stack(0x000000012a7e2000,0x000000012a8e2000)]
  0x00007fb85989b800 JavaThread "AppKit Thread" daemon [_thread_in_native, id=1811, stack(0x00007fff55ee5000,0x00007fff566e5000)]
  0x00007fb85a01a000 JavaThread "Service Thread" daemon [_thread_blocked, id=20739, stack(0x0000000128fc9000,0x00000001290c9000)]
  0x00007fb85983c000 JavaThread "C1 CompilerThread3" daemon [_thread_in_native, id=20227, stack(0x0000000128ec6000,0x0000000128fc6000)]
  0x00007fb85b82d000 JavaThread "C2 CompilerThread2" daemon [_thread_blocked, id=19715, stack(0x0000000128dc3000,0x0000000128ec3000)]
  0x00007fb85983b000 JavaThread "C2 CompilerThread1" daemon [_thread_blocked, id=19203, stack(0x0000000128cc0000,0x0000000128dc0000)]
  0x00007fb85a001000 JavaThread "C2 CompilerThread0" daemon [_thread_in_native, id=18691, stack(0x0000000128bbd000,0x0000000128cbd000)]
  0x00007fb85a00b000 JavaThread "Signal Dispatcher" daemon [_thread_blocked, id=14615, stack(0x0000000128aba000,0x0000000128bba000)]
  0x00007fb85a007000 JavaThread "Finalizer" daemon [_thread_blocked, id=13571, stack(0x0000000127175000,0x0000000127275000)]
  0x00007fb85a006000 JavaThread "Reference Handler" daemon [_thread_blocked, id=13059, stack(0x0000000127072000,0x0000000127172000)]
  0x00007fb85a801800 JavaThread "main" [_thread_in_native, id=4867, stack(0x0000000109631000,0x0000000109731000)]

Other Threads:
  0x00007fb85985f800 VMThread [stack: 0x0000000126f6f000,0x000000012706f000] [id=12547]
  0x00007fb85a00a000 WatcherThread [stack: 0x00000001290cc000,0x00000001291cc000] [id=21251]

VM state:not at safepoint (normal execution)

VM Mutex/Monitor currently owned by a thread: None

Heap:
 PSYoungGen      total 33792K, used 29904K [0x000000076ab00000, 0x000000076d580000, 0x00000007c0000000)
  eden space 30720K, 87% used [0x000000076ab00000,0x000000076c536bd0,0x000000076c900000)
  from space 3072K, 99% used [0x000000076c900000,0x000000076cbfd810,0x000000076cc00000)
  to   space 4096K, 0% used [0x000000076d180000,0x000000076d180000,0x000000076d580000)
 ParOldGen       total 78336K, used 14998K [0x00000006c0000000, 0x00000006c4c80000, 0x000000076ab00000)
  object space 78336K, 19% used [0x00000006c0000000,0x00000006c0ea5a20,0x00000006c4c80000)
 Metaspace       used 34985K, capacity 35374K, committed 35672K, reserved 1081344K
  class space    used 3128K, capacity 3240K, committed 3328K, reserved 1048576K

Card table byte_map: [0x000000011aadb000,0x000000011b2dc000] byte_map_base: 0x00000001174db000

Marking Bits: (ParMarkBitMap*) 0x000000010b09c330
 Begin Bits: [0x000000011c04a000, 0x000000012004a000)
 End Bits:   [0x000000012004a000, 0x000000012404a000)

Polling page: 0x0000000109775000

CodeCache: size=245760Kb used=5424Kb max_used=6088Kb free=240335Kb
 bounds [0x000000010b71b000, 0x000000010bd1b000, 0x000000011a71b000]
 total_blobs=1918 nmethods=1366 adapters=466
 compilation: enabled

Compilation events (10 events):
Event: 26.031 Thread 0x00007fb85983b000 3394       4       java.util.ArrayList::elementData (7 bytes)
Event: 26.032 Thread 0x00007fb85983b000 nmethod 3394 0x000000010bb4db90 code [0x000000010bb4dce0, 0x000000010bb4dd98]
Event: 26.032 Thread 0x00007fb85983c000 nmethod 3395 0x000000010b8e1a50 code [0x000000010b8e1ca0, 0x000000010b8e2de8]
Event: 26.032 Thread 0x00007fb85b82d000 3396       4       java.util.concurrent.locks.ReentrantLock::unlock (10 bytes)
Event: 26.033 Thread 0x00007fb85983c000 3397       3       java.awt.AWTEvent::<init> (81 bytes)
Event: 26.033 Thread 0x00007fb85983c000 nmethod 3397 0x000000010bb4cf90 code [0x000000010bb4d160, 0x000000010bb4d828]
Event: 26.034 Thread 0x00007fb85983c000 3399   !   3       javax.swing.TimerQueue::addTimer (90 bytes)
Event: 26.034 Thread 0x00007fb85983c000 nmethod 3399 0x000000010bb4e950 code [0x000000010bb4eb00, 0x000000010bb4f0d8]
Event: 26.035 Thread 0x00007fb85983c000 3400   !   3       java.util.concurrent.DelayQueue::take (214 bytes)
Event: 26.035 Thread 0x00007fb85b82d000 nmethod 3396 0x000000010bb4e450 code [0x000000010bb4e5a0, 0x000000010bb4e768]

GC Heap History (10 events):
Event: 21.160 GC heap before
{Heap before GC invocations=137 (full 1):
 PSYoungGen      total 31744K, used 494K [0x000000076ab00000, 0x000000076cf80000, 0x00000007c0000000)
  eden space 31232K, 0% used [0x000000076ab00000,0x000000076ab00000,0x000000076c980000)
  from space 512K, 96% used [0x000000076cf00000,0x000000076cf7bb88,0x000000076cf80000)
  to   space 3072K, 0% used [0x000000076c980000,0x000000076c980000,0x000000076cc80000)
 ParOldGen       total 175104K, used 18682K [0x00000006c0000000, 0x00000006cab00000, 0x000000076ab00000)
  object space 175104K, 10% used [0x00000006c0000000,0x00000006c123e980,0x00000006cab00000)
 Metaspace       used 20821K, capacity 21184K, committed 21248K, reserved 1069056K
  class space    used 2405K, capacity 2545K, committed 2560K, reserved 1048576K
Event: 21.190 GC heap after
Heap after GC invocations=137 (full 1):
 PSYoungGen      total 31744K, used 0K [0x000000076ab00000, 0x000000076cf80000, 0x00000007c0000000)
  eden space 31232K, 0% used [0x000000076ab00000,0x000000076ab00000,0x000000076c980000)
  from space 512K, 0% used [0x000000076cf00000,0x000000076cf00000,0x000000076cf80000)
  to   space 3072K, 0% used [0x000000076c980000,0x000000076c980000,0x000000076cc80000)
 ParOldGen       total 80384K, used 13948K [0x00000006c0000000, 0x00000006c4e80000, 0x000000076ab00000)
  object space 80384K, 17% used [0x00000006c0000000,0x00000006c0d9f228,0x00000006c4e80000)
 Metaspace       used 20809K, capacity 21166K, committed 21248K, reserved 1069056K
  class space    used 2398K, capacity 2536K, committed 2560K, reserved 1048576K
}
Event: 23.872 GC heap before
{Heap before GC invocations=138 (full 1):
 PSYoungGen      total 31744K, used 31232K [0x000000076ab00000, 0x000000076cf80000, 0x00000007c0000000)
  eden space 31232K, 100% used [0x000000076ab00000,0x000000076c980000,0x000000076c980000)
  from space 512K, 0% used [0x000000076cf00000,0x000000076cf00000,0x000000076cf80000)
  to   space 3072K, 0% used [0x000000076c980000,0x000000076c980000,0x000000076cc80000)
 ParOldGen       total 80384K, used 13948K [0x00000006c0000000, 0x00000006c4e80000, 0x000000076ab00000)
  object space 80384K, 17% used [0x00000006c0000000,0x00000006c0d9f228,0x00000006c4e80000)
 Metaspace       used 31416K, capacity 31790K, committed 32128K, reserved 1079296K
  class space    used 2971K, capacity 3112K, committed 3200K, reserved 1048576K
Event: 23.873 GC heap after
Heap after GC invocations=138 (full 1):
 PSYoungGen      total 33792K, used 352K [0x000000076ab00000, 0x000000076cf80000, 0x00000007c0000000)
  eden space 30720K, 0% used [0x000000076ab00000,0x000000076ab00000,0x000000076c900000)
  from space 3072K, 11% used [0x000000076c980000,0x000000076c9d8000,0x000000076cc80000)
  to   space 3072K, 0% used [0x000000076cc80000,0x000000076cc80000,0x000000076cf80000)
 ParOldGen       total 80384K, used 13948K [0x00000006c0000000, 0x00000006c4e80000, 0x000000076ab00000)
  object space 80384K, 17% used [0x00000006c0000000,0x00000006c0d9f228,0x00000006c4e80000)
 Metaspace       used 31416K, capacity 31790K, committed 32128K, reserved 1079296K
  class space    used 2971K, capacity 3112K, committed 3200K, reserved 1048576K
}
Event: 24.866 GC heap before
{Heap before GC invocations=139 (full 1):
 PSYoungGen      total 33792K, used 7455K [0x000000076ab00000, 0x000000076cf80000, 0x00000007c0000000)
  eden space 30720K, 23% used [0x000000076ab00000,0x000000076b1efc70,0x000000076c900000)
  from space 3072K, 11% used [0x000000076c980000,0x000000076c9d8000,0x000000076cc80000)
  to   space 3072K, 0% used [0x000000076cc80000,0x000000076cc80000,0x000000076cf80000)
 ParOldGen       total 80384K, used 13948K [0x00000006c0000000, 0x00000006c4e80000, 0x000000076ab00000)
  object space 80384K, 17% used [0x00000006c0000000,0x00000006c0d9f228,0x00000006c4e80000)
 Metaspace       used 34911K, capacity 35246K, committed 35416K, reserved 1081344K
  class space    used 3128K, capacity 3240K, committed 3328K, reserved 1048576K
Event: 24.868 GC heap after
Heap after GC invocations=139 (full 1):
 PSYoungGen      total 33280K, used 192K [0x000000076ab00000, 0x000000076cf00000, 0x00000007c0000000)
  eden space 30720K, 0% used [0x000000076ab00000,0x000000076ab00000,0x000000076c900000)
  from space 2560K, 7% used [0x000000076cc80000,0x000000076ccb0000,0x000000076cf00000)
  to   space 3072K, 0% used [0x000000076c900000,0x000000076c900000,0x000000076cc00000)
 ParOldGen       total 80384K, used 14153K [0x00000006c0000000, 0x00000006c4e80000, 0x000000076ab00000)
  object space 80384K, 17% used [0x00000006c0000000,0x00000006c0dd2580,0x00000006c4e80000)
 Metaspace       used 34911K, capacity 35246K, committed 35416K, reserved 1081344K
  class space    used 3128K, capacity 3240K, committed 3328K, reserved 1048576K
}
Event: 24.868 GC heap before
{Heap before GC invocations=140 (full 2):
 PSYoungGen      total 33280K, used 192K [0x000000076ab00000, 0x000000076cf00000, 0x00000007c0000000)
  eden space 30720K, 0% used [0x000000076ab00000,0x000000076ab00000,0x000000076c900000)
  from space 2560K, 7% used [0x000000076cc80000,0x000000076ccb0000,0x000000076cf00000)
  to   space 3072K, 0% used [0x000000076c900000,0x000000076c900000,0x000000076cc00000)
 ParOldGen       total 80384K, used 14153K [0x00000006c0000000, 0x00000006c4e80000, 0x000000076ab00000)
  object space 80384K, 17% used [0x00000006c0000000,0x00000006c0dd2580,0x00000006c4e80000)
 Metaspace       used 34911K, capacity 35246K, committed 35416K, reserved 1081344K
  class space    used 3128K, capacity 3240K, committed 3328K, reserved 1048576K
Event: 24.897 GC heap after
Heap after GC invocations=140 (full 2):
 PSYoungGen      total 33280K, used 0K [0x000000076ab00000, 0x000000076cf00000, 0x00000007c0000000)
  eden space 30720K, 0% used [0x000000076ab00000,0x000000076ab00000,0x000000076c900000)
  from space 2560K, 0% used [0x000000076cc80000,0x000000076cc80000,0x000000076cf00000)
  to   space 3072K, 0% used [0x000000076c900000,0x000000076c900000,0x000000076cc00000)
 ParOldGen       total 78336K, used 14118K [0x00000006c0000000, 0x00000006c4c80000, 0x000000076ab00000)
  object space 78336K, 18% used [0x00000006c0000000,0x00000006c0dc9a20,0x00000006c4c80000)
 Metaspace       used 34911K, capacity 35246K, committed 35416K, reserved 1081344K
  class space    used 3128K, capacity 3240K, committed 3328K, reserved 1048576K
}
Event: 25.339 GC heap before
{Heap before GC invocations=141 (full 2):
 PSYoungGen      total 33280K, used 30720K [0x000000076ab00000, 0x000000076cf00000, 0x00000007c0000000)
  eden space 30720K, 100% used [0x000000076ab00000,0x000000076c900000,0x000000076c900000)
  from space 2560K, 0% used [0x000000076cc80000,0x000000076cc80000,0x000000076cf00000)
  to   space 3072K, 0% used [0x000000076c900000,0x000000076c900000,0x000000076cc00000)
 ParOldGen       total 78336K, used 14118K [0x00000006c0000000, 0x00000006c4c80000, 0x000000076ab00000)
  object space 78336K, 18% used [0x00000006c0000000,0x00000006c0dc9a20,0x00000006c4c80000)
 Metaspace       used 34956K, capacity 35310K, committed 35672K, reserved 1081344K
  class space    used 3128K, capacity 3240K, committed 3328K, reserved 1048576K
Event: 25.351 GC heap after
Heap after GC invocations=141 (full 2):
 PSYoungGen      total 33792K, used 3062K [0x000000076ab00000, 0x000000076d580000, 0x00000007c0000000)
  eden space 30720K, 0% used [0x000000076ab00000,0x000000076ab00000,0x000000076c900000)
  from space 3072K, 99% used [0x000000076c900000,0x000000076cbfd810,0x000000076cc00000)
  to   space 4096K, 0% used [0x000000076d180000,0x000000076d180000,0x000000076d580000)
 ParOldGen       total 78336K, used 14998K [0x00000006c0000000, 0x00000006c4c80000, 0x000000076ab00000)
  object space 78336K, 19% used [0x00000006c0000000,0x00000006c0ea5a20,0x00000006c4c80000)
 Metaspace       used 34956K, capacity 35310K, committed 35672K, reserved 1081344K
  class space    used 3128K, capacity 3240K, committed 3328K, reserved 1048576K
}

Deoptimization events (10 events):
Event: 26.021 Thread 0x00007fb85bad4800 Uncommon trap: reason=unreached action=reinterpret pc=0x000000010bba85ec method=sun.awt.PostEventQueue.flush()V @ 37
Event: 26.021 Thread 0x00007fb85bad4800 Uncommon trap: reason=speculate_class_check action=maybe_recompile pc=0x000000010bae7288 method=java.awt.EventQueue.eventToCacheIndex(Ljava/awt/AWTEvent;)I @ 68
Event: 26.021 Thread 0x00007fb85bad4800 Uncommon trap: reason=speculate_class_check action=maybe_recompile pc=0x000000010bae7288 method=java.awt.EventQueue.eventToCacheIndex(Ljava/awt/AWTEvent;)I @ 68
Event: 26.022 Thread 0x00007fb85bad4800 Uncommon trap: reason=unreached action=reinterpret pc=0x000000010bcd0c14 method=java.awt.EventQueue.getNextEventPrivate()Ljava/awt/AWTEvent; @ 45
Event: 26.031 Thread 0x00007fb85bad4800 Uncommon trap: reason=class_check action=maybe_recompile pc=0x000000010b983b60 method=java.awt.EventQueue.dispatchEventImpl(Ljava/awt/AWTEvent;Ljava/lang/Object;)V @ 6
Event: 26.031 Thread 0x00007fb85bad4800 Uncommon trap: reason=class_check action=maybe_recompile pc=0x000000010b983b60 method=java.awt.EventQueue.dispatchEventImpl(Ljava/awt/AWTEvent;Ljava/lang/Object;)V @ 6
Event: 26.031 Thread 0x00007fb85bad4800 Uncommon trap: reason=class_check action=maybe_recompile pc=0x000000010bbb1518 method=java.awt.EventQueue.dispatchEventImpl(Ljava/awt/AWTEvent;Ljava/lang/Object;)V @ 6
Event: 26.033 Thread 0x00007fb85bad4800 Uncommon trap: reason=unreached action=reinterpret pc=0x000000010bbd4ab4 method=java.util.concurrent.DelayQueue.offer(Ljava/util/concurrent/Delayed;)Z @ 26
Event: 26.033 Thread 0x00007fb859975000 Uncommon trap: reason=unreached action=reinterpret pc=0x000000010bb92648 method=java.util.concurrent.DelayQueue.take()Ljava/util/concurrent/Delayed; @ 78
Event: 26.035 Thread 0x00007fb85bad4800 Uncommon trap: reason=unreached action=reinterpret pc=0x000000010bd117d0 method=java.util.concurrent.ConcurrentHashMap.get(Ljava/lang/Object;)Ljava/lang/Object; @ 118

Internal exceptions (10 events):
Event: 12.838 Thread 0x00007fb85bb80000 Exception <a 'java/security/PrivilegedActionException'> (0x000000076bd56360) thrown at [/HUDSON3/workspace/8-2-build-macosx-x86_64/jdk8u20/1074/hotspot/src/share/vm/prims/jvm.cpp, line 1275]
Event: 12.838 Thread 0x00007fb85bb80000 Exception <a 'java/security/PrivilegedActionException'> (0x000000076bd58eb0) thrown at [/HUDSON3/workspace/8-2-build-macosx-x86_64/jdk8u20/1074/hotspot/src/share/vm/prims/jvm.cpp, line 1275]
Event: 12.840 Thread 0x00007fb85bb80000 Exception <a 'java/security/PrivilegedActionException'> (0x000000076bd653a0) thrown at [/HUDSON3/workspace/8-2-build-macosx-x86_64/jdk8u20/1074/hotspot/src/share/vm/prims/jvm.cpp, line 1275]
Event: 12.840 Thread 0x00007fb85bb80000 Exception <a 'java/security/PrivilegedActionException'> (0x000000076bd66da8) thrown at [/HUDSON3/workspace/8-2-build-macosx-x86_64/jdk8u20/1074/hotspot/src/share/vm/prims/jvm.cpp, line 1275]
Event: 12.840 Thread 0x00007fb85bb80000 Exception <a 'java/security/PrivilegedActionException'> (0x000000076bea2cf0) thrown at [/HUDSON3/workspace/8-2-build-macosx-x86_64/jdk8u20/1074/hotspot/src/share/vm/prims/jvm.cpp, line 1275]
Event: 12.840 Thread 0x00007fb85bb80000 Exception <a 'java/security/PrivilegedActionException'> (0x000000076bea71d8) thrown at [/HUDSON3/workspace/8-2-build-macosx-x86_64/jdk8u20/1074/hotspot/src/share/vm/prims/jvm.cpp, line 1275]
Event: 12.840 Thread 0x00007fb85bb80000 Exception <a 'java/security/PrivilegedActionException'> (0x000000076bea8d20) thrown at [/HUDSON3/workspace/8-2-build-macosx-x86_64/jdk8u20/1074/hotspot/src/share/vm/prims/jvm.cpp, line 1275]
Event: 12.840 Thread 0x00007fb85bb80000 Exception <a 'java/security/PrivilegedActionException'> (0x000000076beaadd0) thrown at [/HUDSON3/workspace/8-2-build-macosx-x86_64/jdk8u20/1074/hotspot/src/share/vm/prims/jvm.cpp, line 1275]
Event: 13.743 Thread 0x00007fb861800800 Exception <a 'java/lang/VerifyError': Bad <init> method call from after the start of a try block
Exception Details:
  Location:
    application/TaskPrinter.<init>()V @9: invokespecial
  Reason:
    Error exists in the bytecode
  Bytecode:
    0x0000000: 1
Event: 26.005 Thread 0x00007fb85bad4800 Implicit null exception at 0x000000010bb9e131 to 0x000000010bb9e22d

Events (10 events):
Event: 26.031 Thread 0x00007fb85bad4800 DEOPT UNPACKING pc=0x000000010b71ff69 sp=0x000000012ee95c48 mode 2
Event: 26.033 Thread 0x00007fb85bad4800 Uncommon trap: trap_request=0xffffffad fr.pc=0x000000010bbd4ab4
Event: 26.033 Thread 0x00007fb85bad4800 DEOPT PACKING pc=0x000000010bbd4ab4 sp=0x000000012ee95300
Event: 26.033 Thread 0x00007fb85bad4800 DEOPT UNPACKING pc=0x000000010b71ff69 sp=0x000000012ee95208 mode 2
Event: 26.033 Thread 0x00007fb859975000 Uncommon trap: trap_request=0xffffffad fr.pc=0x000000010bb92648
Event: 26.033 Thread 0x00007fb859975000 DEOPT PACKING pc=0x000000010bb92648 sp=0x000000012ef9a850
Event: 26.033 Thread 0x00007fb859975000 DEOPT UNPACKING pc=0x000000010b71ff69 sp=0x000000012ef9a7f0 mode 2
Event: 26.035 Thread 0x00007fb85bad4800 Uncommon trap: trap_request=0xffffffad fr.pc=0x000000010bd117d0
Event: 26.035 Thread 0x00007fb85bad4800 DEOPT PACKING pc=0x000000010bd117d0 sp=0x000000012ee94480
Event: 26.035 Thread 0x00007fb85bad4800 DEOPT UNPACKING pc=0x000000010b71ff69 sp=0x000000012ee94430 mode 2


Dynamic libraries:
0x00000000078b8000 	/System/Library/Frameworks/Cocoa.framework/Versions/A/Cocoa
0x00000000078b8000 	/System/Library/Frameworks/Security.framework/Versions/A/Security
0x00000000078b8000 	/System/Library/Frameworks/ApplicationServices.framework/Versions/A/ApplicationServices
0x00000000078b8000 	/usr/lib/libz.1.dylib
0x00000000078b8000 	/usr/lib/libSystem.B.dylib
0x00000000078b8000 	/usr/lib/libobjc.A.dylib
0x00000000078b8000 	/System/Library/Frameworks/CoreFoundation.framework/Versions/A/CoreFoundation
0x00000000078b8000 	/System/Library/Frameworks/Foundation.framework/Versions/C/Foundation
0x00000000078b8000 	/System/Library/Frameworks/AppKit.framework/Versions/C/AppKit
0x00000000078b8000 	/System/Library/Frameworks/CoreData.framework/Versions/A/CoreData
0x00000000078b8000 	/System/Library/PrivateFrameworks/RemoteViewServices.framework/Versions/A/RemoteViewServices
0x00000000078b8000 	/System/Library/PrivateFrameworks/UIFoundation.framework/Versions/A/UIFoundation
0x00000000078b8000 	/System/Library/Frameworks/IOSurface.framework/Versions/A/IOSurface
0x00000000078b8000 	/System/Library/Frameworks/AudioToolbox.framework/Versions/A/AudioToolbox
0x00000000078b8000 	/System/Library/Frameworks/AudioUnit.framework/Versions/A/AudioUnit
0x00000000078b8000 	/System/Library/PrivateFrameworks/DataDetectorsCore.framework/Versions/A/DataDetectorsCore
0x00000000078b8000 	/System/Library/PrivateFrameworks/DesktopServicesPriv.framework/Versions/A/DesktopServicesPriv
0x00000000078b8000 	/System/Library/Frameworks/Carbon.framework/Versions/A/Frameworks/HIToolbox.framework/Versions/A/HIToolbox
0x00000000078b8000 	/System/Library/Frameworks/QuartzCore.framework/Versions/A/QuartzCore
0x00000000078b8000 	/System/Library/Frameworks/Carbon.framework/Versions/A/Frameworks/SpeechRecognition.framework/Versions/A/SpeechRecognition
0x00000000078b8000 	/usr/lib/libauto.dylib
0x00000000078b8000 	/usr/lib/libicucore.A.dylib
0x00000000078b8000 	/usr/lib/libxml2.2.dylib
0x00000000078b8000 	/System/Library/PrivateFrameworks/CoreUI.framework/Versions/A/CoreUI
0x00000000078b8000 	/System/Library/Frameworks/CoreAudio.framework/Versions/A/CoreAudio
0x00000000078b8000 	/System/Library/Frameworks/DiskArbitration.framework/Versions/A/DiskArbitration
0x00000000078b8000 	/usr/lib/liblangid.dylib
0x00000000078b8000 	/System/Library/PrivateFrameworks/MultitouchSupport.framework/Versions/A/MultitouchSupport
0x00000000078b8000 	/System/Library/Frameworks/IOKit.framework/Versions/A/IOKit
0x00000000078b8000 	/usr/lib/libDiagnosticMessagesClient.dylib
0x00000000078b8000 	/System/Library/Frameworks/CoreServices.framework/Versions/A/CoreServices
0x00000000078b8000 	/System/Library/PrivateFrameworks/PerformanceAnalysis.framework/Versions/A/PerformanceAnalysis
0x00000000078b8000 	/System/Library/PrivateFrameworks/GenerationalStorage.framework/Versions/A/GenerationalStorage
0x00000000078b8000 	/System/Library/Frameworks/OpenGL.framework/Versions/A/OpenGL
0x00000000078b8000 	/System/Library/PrivateFrameworks/Sharing.framework/Versions/A/Sharing
0x00000000078b8000 	/System/Library/Frameworks/CoreGraphics.framework/Versions/A/CoreGraphics
0x00000000078b8000 	/System/Library/Frameworks/CoreText.framework/Versions/A/CoreText
0x00000000078b8000 	/System/Library/Frameworks/ImageIO.framework/Versions/A/ImageIO
0x00000000078b8000 	/usr/lib/libextension.dylib
0x00000000078b8000 	/System/Library/PrivateFrameworks/Backup.framework/Versions/A/Backup
0x00000000078b8000 	/usr/lib/libarchive.2.dylib
0x00000000078b8000 	/System/Library/Frameworks/CFNetwork.framework/Versions/A/CFNetwork
0x00000000078b8000 	/System/Library/Frameworks/SystemConfiguration.framework/Versions/A/SystemConfiguration
0x00000000078b8000 	/usr/lib/libCRFSuite.dylib
0x00000000078b8000 	/usr/lib/libc++.1.dylib
0x00000000078b8000 	/usr/lib/libc++abi.dylib
0x00000000078b8000 	/usr/lib/system/libcache.dylib
0x00000000078b8000 	/usr/lib/system/libcommonCrypto.dylib
0x00000000078b8000 	/usr/lib/system/libcompiler_rt.dylib
0x00000000078b8000 	/usr/lib/system/libcopyfile.dylib
0x00000000078b8000 	/usr/lib/system/libcorecrypto.dylib
0x00000000078b8000 	/usr/lib/system/libdispatch.dylib
0x00000000078b8000 	/usr/lib/system/libdyld.dylib
0x00000000078b8000 	/usr/lib/system/libkeymgr.dylib
0x00000000078b8000 	/usr/lib/system/liblaunch.dylib
0x00000000078b8000 	/usr/lib/system/libmacho.dylib
0x00000000078b8000 	/usr/lib/system/libquarantine.dylib
0x00000000078b8000 	/usr/lib/system/libremovefile.dylib
0x00000000078b8000 	/usr/lib/system/libsystem_asl.dylib
0x00000000078b8000 	/usr/lib/system/libsystem_blocks.dylib
0x00000000078b8000 	/usr/lib/system/libsystem_c.dylib
0x00000000078b8000 	/usr/lib/system/libsystem_configuration.dylib
0x00000000078b8000 	/usr/lib/system/libsystem_coreservices.dylib
0x00000000078b8000 	/usr/lib/system/libsystem_coretls.dylib
0x00000000078b8000 	/usr/lib/system/libsystem_dnssd.dylib
0x00000000078b8000 	/usr/lib/system/libsystem_info.dylib
0x00000000078b8000 	/usr/lib/system/libsystem_kernel.dylib
0x00000000078b8000 	/usr/lib/system/libsystem_m.dylib
0x00000000078b8000 	/usr/lib/system/libsystem_malloc.dylib
0x00000000078b8000 	/usr/lib/system/libsystem_network.dylib
0x00000000078b8000 	/usr/lib/system/libsystem_networkextension.dylib
0x00000000078b8000 	/usr/lib/system/libsystem_notify.dylib
0x00000000078b8000 	/usr/lib/system/libsystem_platform.dylib
0x00000000078b8000 	/usr/lib/system/libsystem_pthread.dylib
0x00000000078b8000 	/usr/lib/system/libsystem_sandbox.dylib
0x00000000078b8000 	/usr/lib/system/libsystem_secinit.dylib
0x00000000078b8000 	/usr/lib/system/libsystem_stats.dylib
0x00000000078b8000 	/usr/lib/system/libsystem_trace.dylib
0x00000000078b8000 	/usr/lib/system/libunc.dylib
0x00000000078b8000 	/usr/lib/system/libunwind.dylib
0x00000000078b8000 	/usr/lib/system/libxpc.dylib
0x00000000078b8000 	/usr/lib/libbz2.1.0.dylib
0x00000000078b8000 	/usr/lib/liblzma.5.dylib
0x00000000078b8000 	/usr/lib/libbsm.0.dylib
0x00000000078b8000 	/usr/lib/libsqlite3.dylib
0x00000000078b8000 	/usr/lib/system/libkxld.dylib
0x00000000078b8000 	/usr/lib/libxar.1.dylib
0x00000000078b8000 	/usr/lib/libpam.2.dylib
0x00000000078b8000 	/usr/lib/libOpenScriptingUtil.dylib
0x00000000078b8000 	/System/Library/Frameworks/CoreServices.framework/Versions/A/Frameworks/FSEvents.framework/Versions/A/FSEvents
0x00000000078b8000 	/System/Library/Frameworks/CoreServices.framework/Versions/A/Frameworks/CarbonCore.framework/Versions/A/CarbonCore
0x00000000078b8000 	/System/Library/Frameworks/CoreServices.framework/Versions/A/Frameworks/Metadata.framework/Versions/A/Metadata
0x00000000078b8000 	/System/Library/Frameworks/CoreServices.framework/Versions/A/Frameworks/OSServices.framework/Versions/A/OSServices
0x00000000078b8000 	/System/Library/Frameworks/CoreServices.framework/Versions/A/Frameworks/SearchKit.framework/Versions/A/SearchKit
0x00000000078b8000 	/System/Library/Frameworks/CoreServices.framework/Versions/A/Frameworks/AE.framework/Versions/A/AE
0x00000000078b8000 	/System/Library/Frameworks/CoreServices.framework/Versions/A/Frameworks/LaunchServices.framework/Versions/A/LaunchServices
0x00000000078b8000 	/System/Library/Frameworks/CoreServices.framework/Versions/A/Frameworks/DictionaryServices.framework/Versions/A/DictionaryServices
0x00000000078b8000 	/System/Library/Frameworks/NetFS.framework/Versions/A/NetFS
0x00000000078b8000 	/System/Library/PrivateFrameworks/NetAuth.framework/Versions/A/NetAuth
0x00000000078b8000 	/System/Library/PrivateFrameworks/login.framework/Versions/A/Frameworks/loginsupport.framework/Versions/A/loginsupport
0x00000000078b8000 	/System/Library/PrivateFrameworks/TCC.framework/Versions/A/TCC
0x00000000078b8000 	/usr/lib/libmecabra.dylib
0x00000000078b8000 	/System/Library/Frameworks/ApplicationServices.framework/Versions/A/Frameworks/ATS.framework/Versions/A/ATS
0x00000000078b8000 	/System/Library/Frameworks/ApplicationServices.framework/Versions/A/Frameworks/ColorSync.framework/Versions/A/ColorSync
0x00000000078b8000 	/System/Library/Frameworks/ApplicationServices.framework/Versions/A/Frameworks/HIServices.framework/Versions/A/HIServices
0x00000000078b8000 	/System/Library/Frameworks/ApplicationServices.framework/Versions/A/Frameworks/LangAnalysis.framework/Versions/A/LangAnalysis
0x00000000078b8000 	/System/Library/Frameworks/ApplicationServices.framework/Versions/A/Frameworks/PrintCore.framework/Versions/A/PrintCore
0x00000000078b8000 	/System/Library/Frameworks/ApplicationServices.framework/Versions/A/Frameworks/QD.framework/Versions/A/QD
0x00000000078b8000 	/System/Library/Frameworks/ApplicationServices.framework/Versions/A/Frameworks/SpeechSynthesis.framework/Versions/A/SpeechSynthesis
0x00000000078b8000 	/System/Library/Frameworks/Accelerate.framework/Versions/A/Accelerate
0x00000000078b8000 	/System/Library/Frameworks/Accelerate.framework/Versions/A/Frameworks/vImage.framework/Versions/A/vImage
0x00000000078b8000 	/System/Library/Frameworks/Accelerate.framework/Versions/A/Frameworks/vecLib.framework/Versions/A/vecLib
0x00000000078b8000 	/System/Library/Frameworks/Accelerate.framework/Versions/A/Frameworks/vecLib.framework/Versions/A/libvDSP.dylib
0x00000000078b8000 	/System/Library/Frameworks/Accelerate.framework/Versions/A/Frameworks/vecLib.framework/Versions/A/libvMisc.dylib
0x00000000078b8000 	/System/Library/Frameworks/Accelerate.framework/Versions/A/Frameworks/vecLib.framework/Versions/A/libLAPACK.dylib
0x00000000078b8000 	/System/Library/Frameworks/Accelerate.framework/Versions/A/Frameworks/vecLib.framework/Versions/A/libBLAS.dylib
0x00000000078b8000 	/System/Library/Frameworks/Accelerate.framework/Versions/A/Frameworks/vecLib.framework/Versions/A/libLinearAlgebra.dylib
0x00000000078b8000 	/System/Library/Frameworks/ApplicationServices.framework/Versions/A/Frameworks/ATS.framework/Versions/A/Resources/libFontParser.dylib
0x00000000078b8000 	/System/Library/Frameworks/ApplicationServices.framework/Versions/A/Frameworks/ATS.framework/Versions/A/Resources/libFontRegistry.dylib
0x00000000078b8000 	/System/Library/PrivateFrameworks/AppleVPA.framework/Versions/A/AppleVPA
0x00000000078b8000 	/System/Library/PrivateFrameworks/AppleJPEG.framework/Versions/A/AppleJPEG
0x00000000078b8000 	/System/Library/Frameworks/ImageIO.framework/Versions/A/Resources/libJPEG.dylib
0x00000000078b8000 	/System/Library/Frameworks/ImageIO.framework/Versions/A/Resources/libTIFF.dylib
0x00000000078b8000 	/System/Library/Frameworks/ImageIO.framework/Versions/A/Resources/libPng.dylib
0x00000000078b8000 	/System/Library/Frameworks/ImageIO.framework/Versions/A/Resources/libGIF.dylib
0x00000000078b8000 	/System/Library/Frameworks/ImageIO.framework/Versions/A/Resources/libJP2.dylib
0x00000000078b8000 	/System/Library/Frameworks/ImageIO.framework/Versions/A/Resources/libRadiance.dylib
0x00000000078b8000 	/System/Library/Frameworks/CoreVideo.framework/Versions/A/CoreVideo
0x00000000078b8000 	/System/Library/Frameworks/OpenGL.framework/Versions/A/Libraries/libGLU.dylib
0x00000000078b8000 	/System/Library/Frameworks/OpenGL.framework/Versions/A/Libraries/libGFXShared.dylib
0x00000000078b8000 	/System/Library/Frameworks/OpenGL.framework/Versions/A/Libraries/libGL.dylib
0x00000000078b8000 	/System/Library/Frameworks/OpenGL.framework/Versions/A/Libraries/libGLImage.dylib
0x00000000078b8000 	/System/Library/Frameworks/OpenGL.framework/Versions/A/Libraries/libCVMSPluginSupport.dylib
0x00000000078b8000 	/System/Library/Frameworks/OpenGL.framework/Versions/A/Libraries/libCoreVMClient.dylib
0x00000000078b8000 	/usr/lib/libcups.2.dylib
0x00000000078b8000 	/System/Library/Frameworks/Kerberos.framework/Versions/A/Kerberos
0x00000000078b8000 	/System/Library/Frameworks/GSS.framework/Versions/A/GSS
0x00000000078b8000 	/usr/lib/libresolv.9.dylib
0x00000000078b8000 	/usr/lib/libiconv.2.dylib
0x00000000078b8000 	/System/Library/PrivateFrameworks/Heimdal.framework/Versions/A/Heimdal
0x00000000078b8000 	/usr/lib/libheimdal-asn1.dylib
0x00000000078b8000 	/System/Library/Frameworks/OpenDirectory.framework/Versions/A/OpenDirectory
0x00000000078b8000 	/System/Library/PrivateFrameworks/CommonAuth.framework/Versions/A/CommonAuth
0x00000000078b8000 	/System/Library/Frameworks/OpenDirectory.framework/Versions/A/Frameworks/CFOpenDirectory.framework/Versions/A/CFOpenDirectory
0x00000000078b8000 	/System/Library/Frameworks/SecurityFoundation.framework/Versions/A/SecurityFoundation
0x00000000078b8000 	/System/Library/PrivateFrameworks/LanguageModeling.framework/Versions/A/LanguageModeling
0x00000000078b8000 	/usr/lib/libcmph.dylib
0x00000000078b8000 	/System/Library/Frameworks/ServiceManagement.framework/Versions/A/ServiceManagement
0x00000000078b8000 	/usr/lib/libxslt.1.dylib
0x00000000078b8000 	/System/Library/Frameworks/Carbon.framework/Versions/A/Frameworks/Ink.framework/Versions/A/Ink
0x00000000078b8000 	/System/Library/Frameworks/QuartzCore.framework/Versions/A/Frameworks/CoreImage.framework/Versions/A/CoreImage
0x00000000078b8000 	/System/Library/PrivateFrameworks/CrashReporterSupport.framework/Versions/A/CrashReporterSupport
0x00000000078b8000 	/System/Library/Frameworks/OpenCL.framework/Versions/A/OpenCL
0x00000000078b8000 	/System/Library/PrivateFrameworks/FaceCore.framework/Versions/A/FaceCore
0x00000000078b8000 	/System/Library/PrivateFrameworks/Ubiquity.framework/Versions/A/Ubiquity
0x00000000078b8000 	/System/Library/PrivateFrameworks/IconServices.framework/Versions/A/IconServices
0x00000000078b8000 	/System/Library/PrivateFrameworks/ChunkingLibrary.framework/Versions/A/ChunkingLibrary
0x00000000078b8000 	/System/Library/PrivateFrameworks/Apple80211.framework/Versions/A/Apple80211
0x00000000078b8000 	/System/Library/Frameworks/CoreWLAN.framework/Versions/A/CoreWLAN
0x00000000078b8000 	/System/Library/Frameworks/IOBluetooth.framework/Versions/A/IOBluetooth
0x00000000078b8000 	/System/Library/PrivateFrameworks/CoreWiFi.framework/Versions/A/CoreWiFi
0x00000000078b8000 	/System/Library/Frameworks/CoreBluetooth.framework/Versions/A/CoreBluetooth
0x00000000078b8000 	/System/Library/PrivateFrameworks/DebugSymbols.framework/Versions/A/DebugSymbols
0x00000000078b8000 	/System/Library/PrivateFrameworks/CoreSymbolication.framework/Versions/A/CoreSymbolication
0x00000000078b8000 	/System/Library/PrivateFrameworks/Symbolication.framework/Versions/A/Symbolication
0x00000000078b8000 	/System/Library/PrivateFrameworks/SpeechRecognitionCore.framework/Versions/A/SpeechRecognitionCore
0x000000010a800000 	/Library/Java/JavaVirtualMachines/jdk1.8.0_20.jdk/Contents/Home/jre/lib/server/libjvm.dylib
0x00000000078b8000 	/usr/lib/libstdc++.6.dylib
0x0000000109733000 	/Library/Java/JavaVirtualMachines/jdk1.8.0_20.jdk/Contents/Home/jre/lib/libverify.dylib
0x0000000109741000 	/Library/Java/JavaVirtualMachines/jdk1.8.0_20.jdk/Contents/Home/jre/lib/libjava.dylib
0x000000010977f000 	/Library/Java/JavaVirtualMachines/jdk1.8.0_20.jdk/Contents/Home/jre/lib/libzip.dylib
0x0000000127277000 	/System/Library/Frameworks/JavaVM.framework/Frameworks/JavaRuntimeSupport.framework/JavaRuntimeSupport
0x000000012728d000 	/System/Library/Frameworks/JavaVM.framework/Versions/A/Frameworks/JavaNativeFoundation.framework/Versions/A/JavaNativeFoundation
0x00000001272a1000 	/System/Library/Frameworks/JavaVM.framework/Versions/A/JavaVM
0x00000000078b8000 	/System/Library/Frameworks/Carbon.framework/Versions/A/Carbon
0x00000001272ad000 	/System/Library/PrivateFrameworks/JavaLaunching.framework/Versions/A/JavaLaunching
0x00000000078b8000 	/System/Library/Frameworks/Carbon.framework/Versions/A/Frameworks/CommonPanels.framework/Versions/A/CommonPanels
0x00000000078b8000 	/System/Library/Frameworks/Carbon.framework/Versions/A/Frameworks/Help.framework/Versions/A/Help
0x00000000078b8000 	/System/Library/Frameworks/Carbon.framework/Versions/A/Frameworks/ImageCapture.framework/Versions/A/ImageCapture
0x00000000078b8000 	/System/Library/Frameworks/Carbon.framework/Versions/A/Frameworks/OpenScripting.framework/Versions/A/OpenScripting
0x00000000078b8000 	/System/Library/Frameworks/Carbon.framework/Versions/A/Frameworks/Print.framework/Versions/A/Print
0x00000000078b8000 	/System/Library/Frameworks/Carbon.framework/Versions/A/Frameworks/SecurityHI.framework/Versions/A/SecurityHI
0x0000000129224000 	/Library/Java/JavaVirtualMachines/jdk1.8.0_20.jdk/Contents/Home/jre/lib/libawt.dylib
0x00000001292d3000 	/Library/Java/JavaVirtualMachines/jdk1.8.0_20.jdk/Contents/Home/jre/lib/./libmlib_image.dylib
0x000000012939f000 	/Library/Java/JavaVirtualMachines/jdk1.8.0_20.jdk/Contents/Home/jre/lib/libawt_lwawt.dylib
0x0000000129452000 	/Library/Java/JavaVirtualMachines/jdk1.8.0_20.jdk/Contents/Home/jre/lib/./libosxapp.dylib
0x00000000078b8000 	/System/Library/Frameworks/ExceptionHandling.framework/Versions/A/ExceptionHandling
0x00000000078b8000 	/System/Library/PrivateFrameworks/CoreServicesInternal.framework/Versions/A/CoreServicesInternal
0x00000000078b8000 	/System/Library/PrivateFrameworks/CloudDocs.framework/Versions/A/CloudDocs
0x00000000078b8000 	/System/Library/PrivateFrameworks/CoreDuet.framework/Versions/A/CoreDuet
0x00000000078b8000 	/System/Library/Frameworks/CloudKit.framework/Versions/A/CloudKit
0x00000000078b8000 	/System/Library/PrivateFrameworks/ProtocolBuffer.framework/Versions/A/ProtocolBuffer
0x00000000078b8000 	/System/Library/PrivateFrameworks/CoreDuetDaemonProtocol.framework/Versions/A/CoreDuetDaemonProtocol
0x00000000078b8000 	/System/Library/PrivateFrameworks/CoreDuetDebugLogging.framework/Versions/A/CoreDuetDebugLogging
0x00000000078b8000 	/System/Library/Frameworks/CoreLocation.framework/Versions/A/CoreLocation
0x00000000078b8000 	/System/Library/Frameworks/Accounts.framework/Versions/A/Accounts
0x00000000078b8000 	/System/Library/PrivateFrameworks/ApplePushService.framework/Versions/A/ApplePushService
0x00000000078b8000 	/System/Library/PrivateFrameworks/GeoServices.framework/Versions/A/GeoServices
0x00000000078b8000 	/System/Library/PrivateFrameworks/OAuth.framework/Versions/A/OAuth
0x00000000078b8000 	/System/Library/PrivateFrameworks/CoreDaemon.framework/Versions/B/CoreDaemon
0x00000000078b8000 	/usr/lib/libcrypto.0.9.8.dylib
0x00000000078b8000 	/System/Library/PrivateFrameworks/AppleSRP.framework/Versions/A/AppleSRP
0x00000000078b8000 	/System/Library/PrivateFrameworks/TrustEvaluationAgent.framework/Versions/A/TrustEvaluationAgent
0x00000000078b8000 	/System/Library/Frameworks/CoreGraphics.framework/Versions/A/Resources/libCGCMS.A.dylib
0x00000000078b8000 	/System/Library/Frameworks/CoreGraphics.framework/Versions/A/Resources/libRIP.A.dylib
0x00000000078b8000 	/System/Library/Frameworks/CoreGraphics.framework/Versions/A/Resources/libCGXType.A.dylib
0x00000000078b8000 	/System/Library/Frameworks/OpenCL.framework/Versions/A/Libraries/libcldcpuengine.dylib
0x00000000078b8000 	/System/Library/PrivateFrameworks/DiskImages.framework/Versions/A/DiskImages
0x00000000078b8000 	/System/Library/Frameworks/DiscRecording.framework/Versions/A/DiscRecording
0x00000000078b8000 	/usr/lib/libcsfde.dylib
0x00000000078b8000 	/usr/lib/libcurl.4.dylib
0x00000000078b8000 	/System/Library/PrivateFrameworks/MediaKit.framework/Versions/A/MediaKit
0x00000000078b8000 	/System/Library/PrivateFrameworks/ProtectedCloudStorage.framework/Versions/A/ProtectedCloudStorage
0x00000000078b8000 	/usr/lib/libCoreStorage.dylib
0x00000000078b8000 	/System/Library/PrivateFrameworks/EFILogin.framework/Versions/A/EFILogin
0x00000000078b8000 	/usr/lib/libutil.dylib
0x00000000078b8000 	/System/Library/PrivateFrameworks/FindMyDevice.framework/Versions/A/FindMyDevice
0x00000000078b8000 	/System/Library/Frameworks/LDAP.framework/Versions/A/LDAP
0x00000000078b8000 	/usr/lib/libsasl2.2.dylib
0x000000012c35a000 	cl_kernels
0x000000012c35c000 	/System/Library/Frameworks/OpenCL.framework/Versions/A/Libraries/ImageFormats/unorm8_bgra.dylib
0x000000012c34c000 	cl_kernels
0x00000000078b8000 	/System/Library/PrivateFrameworks/FamilyControls.framework/Versions/A/FamilyControls
0x00000000078b8000 	/System/Library/PrivateFrameworks/CommerceKit.framework/Versions/A/Frameworks/CommerceCore.framework/Versions/A/CommerceCore
0x00000000078b8000 	/System/Library/PrivateFrameworks/SystemAdministration.framework/Versions/A/SystemAdministration
0x00000000078b8000 	/System/Library/PrivateFrameworks/AppContainer.framework/Versions/A/AppContainer
0x00000000078b8000 	/System/Library/PrivateFrameworks/SecCodeWrapper.framework/Versions/A/SecCodeWrapper
0x00000000078b8000 	/System/Library/Frameworks/DirectoryService.framework/Versions/A/DirectoryService
0x00000000078b8000 	/System/Library/PrivateFrameworks/LoginUIKit.framework/Versions/A/Frameworks/LoginUICore.framework/Versions/A/LoginUICore
0x00000000078b8000 	/usr/lib/libodfde.dylib
0x000000012d807000 	/Library/Java/JavaVirtualMachines/jdk1.8.0_20.jdk/Contents/Home/jre/lib/libfontmanager.dylib
0x000000012b7bb000 	/Library/Java/JavaVirtualMachines/jdk1.8.0_20.jdk/Contents/Home/jre/lib/libosxui.dylib
0x00000000078b8000 	/System/Library/Frameworks/OpenGL.framework/Versions/A/Resources/GLEngine.bundle/GLEngine
0x00000000078b8000 	/System/Library/Frameworks/OpenGL.framework/Versions/A/Libraries/libGLProgrammability.dylib
0x0000000000000000 	/System/Library/Extensions/AppleIntelHD5000GraphicsGLDriver.bundle/Contents/MacOS/AppleIntelHD5000GraphicsGLDriver
0x00000000078b8000 	/System/Library/PrivateFrameworks/IOAccelerator.framework/Versions/A/IOAccelerator
0x00000000078b8000 	/System/Library/PrivateFrameworks/GPUSupport.framework/Versions/A/Libraries/libGPUSupportMercury.dylib
0x0000000000000000 	/System/Library/Extensions/GeForceGLDriver.bundle/Contents/MacOS/GeForceGLDriver
0x00000000078b8000 	/System/Library/Extensions/GeForceGLDriver.bundle/Contents/MacOS/libclh.dylib
0x00000000078b8000 	/System/Library/Frameworks/OpenGL.framework/Versions/A/Resources/GLRendererFloat.bundle/GLRendererFloat
0x000000012e98a000 	/Library/Java/JavaVirtualMachines/jdk1.8.0_20.jdk/Contents/Home/jre/lib/libnet.dylib
0x000000012e9e9000 	/Library/Java/JavaVirtualMachines/jdk1.8.0_20.jdk/Contents/Home/jre/lib/libnio.dylib
0x00000000078b8000 	/System/Library/Frameworks/Accelerate.framework/Versions/A/Frameworks/vImage.framework/Versions/A/Libraries/libCGInterfaces.dylib
0x000000012b634000 	/Library/Java/JavaVirtualMachines/jdk1.8.0_20.jdk/Contents/Home/jre/lib/libmanagement.dylib
0x00000001294c8000 	/Library/Java/JavaVirtualMachines/jdk1.8.0_20.jdk/Contents/Home/jre/lib/libinstrument.dylib
0x00000001273a4000 	/Applications/VisualVM.app/Contents/Resources/visualvm/profiler/lib/deployed/jdk16/mac/libprofilerinterface.jnilib

VM Arguments:
jvm_args: -Dfile.encoding=UTF-8 
java_command: application.TaskManager
java_class_path (initial): /Users/yxchng/Desktop/TaskManager/bin:/Users/yxchng/Desktop/eclipse/plugins/org.junit_4.11.0.v201303080030/junit.jar:/Users/yxchng/Desktop/eclipse/plugins/org.hamcrest.core_1.3.0.v201303031735.jar:/Users/yxchng/Desktop/TaskManager/libs/android-support-v4.jar:/Users/yxchng/Desktop/TaskManager/libs/antlr-runtime-3.2.jar:/Users/yxchng/Desktop/TaskManager/libs/ical4j-1.0.2.jar:/Users/yxchng/Desktop/TaskManager/libs/natty-0.7.jar
Launcher Type: SUN_STANDARD

Environment Variables:
PATH=/usr/bin:/bin:/usr/sbin:/sbin
SHELL=/bin/bash

Signal Handlers:
SIGSEGV: [libjvm.dylib+0x578fd7], sa_mask[0]=11111111011111110111111111111111, sa_flags=SA_ONSTACK|SA_RESTART|SA_SIGINFO
SIGBUS: [libjvm.dylib+0x578fd7], sa_mask[0]=11111111011111110111111111111111, sa_flags=SA_RESTART|SA_SIGINFO
SIGFPE: [libjvm.dylib+0x45ab0c], sa_mask[0]=11111111011111110111111111111111, sa_flags=SA_RESTART|SA_SIGINFO
SIGPIPE: [libjvm.dylib+0x45ab0c], sa_mask[0]=11111111011111110111111111111111, sa_flags=SA_RESTART|SA_SIGINFO
SIGXFSZ: [libjvm.dylib+0x45ab0c], sa_mask[0]=11111111011111110111111111111111, sa_flags=SA_RESTART|SA_SIGINFO
SIGILL: [libjvm.dylib+0x45ab0c], sa_mask[0]=11111111011111110111111111111111, sa_flags=SA_RESTART|SA_SIGINFO
SIGUSR1: SIG_DFL, sa_mask[0]=00000000000000000000000000000000, sa_flags=none
SIGUSR2: [libjvm.dylib+0x45a62a], sa_mask[0]=00100000000000000000000000000000, sa_flags=SA_RESTART|SA_SIGINFO
SIGHUP: [libjvm.dylib+0x458bfd], sa_mask[0]=11111111011111110111111111111111, sa_flags=SA_RESTART|SA_SIGINFO
SIGINT: [libjvm.dylib+0x458bfd], sa_mask[0]=11111111011111110111111111111111, sa_flags=SA_RESTART|SA_SIGINFO
SIGTERM: [libjvm.dylib+0x458bfd], sa_mask[0]=11111111011111110111111111111111, sa_flags=SA_RESTART|SA_SIGINFO
SIGQUIT: [libjvm.dylib+0x458bfd], sa_mask[0]=11111111011111110111111111111111, sa_flags=SA_RESTART|SA_SIGINFO


---------------  S Y S T E M  ---------------

OS:Bsduname:Darwin 14.1.0 Darwin Kernel Version 14.1.0: Thu Feb 26 19:26:47 PST 2015; root:xnu-2782.10.73~1/RELEASE_X86_64 x86_64
rlimit: STACK 8192k, CORE 0k, NPROC 709, NOFILE 10240, AS infinity
load average:2.66 2.11 1.89

CPU:total 8 (4 cores per cpu, 2 threads per core) family 6 model 70 stepping 1, cmov, cx8, fxsr, mmx, sse, sse2, sse3, ssse3, sse4.1, sse4.2, popcnt, avx, avx2, aes, clmul, erms, rtm, lzcnt, ht, tsc, tscinvbit, bmi1, bmi2

Memory: 4k page, physical 16777216k(2799672k free)

/proc/meminfo:


vm_info: Java HotSpot(TM) 64-Bit Server VM (25.20-b23) for bsd-amd64 JRE (1.8.0_20-b26), built on Jul 30 2014 13:37:47 by "java_re" with gcc 4.2.1 (Based on Apple Inc. build 5658) (LLVM build 2336.9.00)

time: Fri Apr 10 15:21:12 2015
elapsed time: 26 seconds (0d 0h 0m 26s)

